03/22/2024 10:35:05 - INFO - __main__ -   ===========================================================================
03/22/2024 10:35:05 - INFO - __main__ -   Host ubuntu
03/22/2024 10:35:05 - INFO - __main__ -   logging to:
03/22/2024 10:35:05 - INFO - __main__ -   ./samples/2024-03-22-10-35-05
03/22/2024 10:35:05 - INFO - __main__ -   ===========================================================================
03/22/2024 10:35:06 - INFO - __main__ -   Loading checkpoint /home/parkjoe/.cache/diffusion_models_converted/ema_diffusion_cifar10_model/model-790000.ckpt
03/22/2024 10:35:06 - INFO - __main__ -   Load with min-max quick initialization
03/22/2024 10:35:08 - INFO - qdiff.quant_layer -   split at 256!
03/22/2024 10:35:08 - INFO - qdiff.quant_layer -   split at 256!
03/22/2024 10:35:08 - INFO - qdiff.quant_layer -   split at 256!
03/22/2024 10:35:08 - INFO - qdiff.quant_layer -   split at 256!
03/22/2024 10:35:08 - INFO - qdiff.quant_layer -   split at 256!
03/22/2024 10:35:08 - INFO - qdiff.quant_layer -   split at 256!
03/22/2024 10:35:08 - INFO - qdiff.quant_layer -   split at 256!
03/22/2024 10:35:09 - INFO - qdiff.quant_layer -   split at 256!
03/22/2024 10:35:09 - INFO - qdiff.quant_layer -   split at 256!
03/22/2024 10:35:09 - INFO - qdiff.quant_layer -   split at 256!
03/22/2024 10:35:09 - INFO - qdiff.quant_layer -   split at 128!
03/22/2024 10:35:09 - INFO - qdiff.quant_layer -   split at 128!
03/22/2024 10:35:09 - INFO - __main__ -   starting from image 0
